[93mWARNING [0m:   DEPRECATED FEATURE: flwr.client.start_client() is deprecated.
	Instead, use the `flower-supernode` CLI command to start a SuperNode as shown below:

		$ flower-supernode --insecure --superlink='<IP>:<PORT>'

	To view all available options, run:

		$ flower-supernode --help

	Using `start_client()` is deprecated.

            This is a deprecated feature. It will be removed
            entirely in future versions of Flower.
        
[2026-04-27 23:41:35] flwr WARNING: DEPRECATED FEATURE: flwr.client.start_client() is deprecated.
	Instead, use the `flower-supernode` CLI command to start a SuperNode as shown below:

		$ flower-supernode --insecure --superlink='<IP>:<PORT>'

	To view all available options, run:

		$ flower-supernode --help

	Using `start_client()` is deprecated.

            This is a deprecated feature. It will be removed
            entirely in future versions of Flower.
        
[2026-04-27 23:41:35] flwr DEBUG: Using InMemoryObjectStore
[2026-04-27 23:41:35] flwr DEBUG: Opened insecure gRPC connection (no certificates were passed)
[2026-04-27 23:41:35] flwr DEBUG: ChannelConnectivity.IDLE
[2026-04-27 23:41:35] flwr DEBUG: ChannelConnectivity.CONNECTING
[2026-04-27 23:41:35] flwr DEBUG: ChannelConnectivity.READY
