[Mimari] Ortak veri (Open) 3D formata s²k²■t²r²larak y³klendi.
Traceback (most recent call last):
  File "C:\Users\Computer\capstone_project\src\ssfl_project\main.py", line 290, in <module>
    main()
  File "C:\Users\Computer\capstone_project\src\ssfl_project\main.py", line 286, in main
    run_client(args)
  File "C:\Users\Computer\capstone_project\src\ssfl_project\main.py", line 258, in run_client
    ssfl_client = SSFLClient(
                  ^^^^^^^^^^^
  File "C:\Users\Computer\capstone_project\src\ssfl_project\client.py", line 58, in __init__
    self.classifier: TrafficCNN = build_classifier(num_classes, device)
                                  ^^^^^^^^^^^^^^^^^^^^^^^^^^^^^^^^^^^^^
  File "C:\Users\Computer\capstone_project\src\ssfl_project\model.py", line 59, in build_classifier
    model = TrafficCNN(num_classes=num_classes).to(device)
            ^^^^^^^^^^^^^^^^^^^^^^^^^^^^^^^^^^^^^^^^^^^^^^
  File "C:\Users\Computer\AppData\Local\Programs\Python\Python312\Lib\site-packages\torch\nn\modules\module.py", line 1340, in to
    return self._apply(convert)
           ^^^^^^^^^^^^^^^^^^^^
  File "C:\Users\Computer\AppData\Local\Programs\Python\Python312\Lib\site-packages\torch\nn\modules\module.py", line 900, in _apply
    module._apply(fn)
  File "C:\Users\Computer\AppData\Local\Programs\Python\Python312\Lib\site-packages\torch\nn\modules\module.py", line 900, in _apply
    module._apply(fn)
  File "C:\Users\Computer\AppData\Local\Programs\Python\Python312\Lib\site-packages\torch\nn\modules\module.py", line 927, in _apply
    param_applied = fn(param)
                    ^^^^^^^^^
  File "C:\Users\Computer\AppData\Local\Programs\Python\Python312\Lib\site-packages\torch\nn\modules\module.py", line 1326, in convert
    return t.to(
           ^^^^^
RuntimeError: CUDA error: out of memory
CUDA kernel errors might be asynchronously reported at some other API call, so the stacktrace below might be incorrect.
For debugging consider passing CUDA_LAUNCH_BLOCKING=1
Compile with `TORCH_USE_CUDA_DSA` to enable device-side assertions.

