[2026-04-27 23:41:28] server INFO: Starting Flower server on 127.0.0.1:8080 for 50 rounds (num_clients=27)
[93mWARNING [0m:   DEPRECATED FEATURE: flwr.server.start_server() is deprecated.
	Instead, use the `flower-superlink` CLI command to start a SuperLink as shown below:

		$ flower-superlink --insecure

	To view usage and all available options, run:

		$ flower-superlink --help

	Using `start_server()` is deprecated.

            This is a deprecated feature. It will be removed
            entirely in future versions of Flower.
        
[2026-04-27 23:41:28] flwr WARNING: DEPRECATED FEATURE: flwr.server.start_server() is deprecated.
	Instead, use the `flower-superlink` CLI command to start a SuperLink as shown below:

		$ flower-superlink --insecure

	To view usage and all available options, run:

		$ flower-superlink --help

	Using `start_server()` is deprecated.

            This is a deprecated feature. It will be removed
            entirely in future versions of Flower.
        
[92mINFO [0m:      Starting Flower server, config: num_rounds=50, no round_timeout
[2026-04-27 23:41:28] flwr INFO: Starting Flower server, config: num_rounds=50, no round_timeout
[92mINFO [0m:      Flower ECE: gRPC server running (50 rounds), SSL is disabled
[2026-04-27 23:41:28] flwr INFO: Flower ECE: gRPC server running (50 rounds), SSL is disabled
[92mINFO [0m:      [INIT]
[2026-04-27 23:41:28] flwr INFO: [INIT]
[92mINFO [0m:      Using initial global parameters provided by strategy
[2026-04-27 23:41:28] flwr INFO: Using initial global parameters provided by strategy
[92mINFO [0m:      Starting evaluation of initial global parameters
[2026-04-27 23:41:28] flwr INFO: Starting evaluation of initial global parameters
[92mINFO [0m:      Evaluation returned no results (`None`)
[2026-04-27 23:41:28] flwr INFO: Evaluation returned no results (`None`)
[92mINFO [0m:      
[2026-04-27 23:41:28] flwr INFO: 
[92mINFO [0m:      [ROUND 1]
[2026-04-27 23:41:28] flwr INFO: [ROUND 1]
